TN:
SF:/home/athroener/WebstormProjects/modern-mean-server-logger-module/src/config.es6
FNF:0
FNH:0
DA:0,1
LF:1
LH:1
BRDA:9,1,0,1
BRDA:9,1,1,1
BRDA:10,2,0,1
BRDA:10,2,1,1
BRDA:11,3,0,1
BRDA:11,3,1,1
BRF:6
BRH:6
end_of_record
TN:
SF:/home/athroener/WebstormProjects/modern-mean-server-logger-module/src/module.es6
FN:18,_interopRequireDefault
FN:22,(anonymous_2)
FN:41,(anonymous_3)
FN:45,(anonymous_4)
FNF:4
FNH:3
FNDA:2,_interopRequireDefault
FNDA:8,(anonymous_2)
FNDA:9,(anonymous_3)
FNDA:0,(anonymous_4)
DA:0,2
DA:1,1
DA:2,1
DA:3,1
DA:8,8
DA:10,8
DA:12,8
DA:13,6
DA:16,8
DA:17,7
DA:20,8
DA:28,9
DA:32,0
LF:13
LH:12
BRDA:18,1,0,1
BRDA:18,1,1,1
BRDA:18,2,0,2
BRDA:18,2,1,2
BRDA:23,3,0,8
BRDA:23,3,1,1
BRDA:27,4,0,6
BRDA:27,4,1,2
BRDA:31,5,0,7
BRDA:31,5,1,1
BRF:10
BRH:10
end_of_record
